<?xml version="1.0" encoding="UTF-8"?>
<!-- Generated by org.testng.reporters.JUnitReportReporter -->
<testsuite hostname="DESKTOP-QU8KQ35" failures="0" tests="5" name="runner.runnerMaster" time="32.248" errors="0" timestamp="2022-08-29T11:27:33 WIB" skipped="0">
  <testcase classname="runner.runnerMaster" name="runScenario" time="0.026"/>
  <system-out/>
  <testcase classname="runner.runnerMaster" name="runScenario" time="0.058"/>
  <system-out/>
  <testcase classname="runner.runnerMaster" name="runScenario" time="31.695"/>
  <system-out/>
  <testcase classname="runner.runnerMaster" name="runScenario" time="0.036"/>
  <system-out/>
  <testcase classname="runner.runnerMaster" name="runScenario" time="0.433"/>
  <system-out/>
</testsuite> <!-- runner.runnerMaster -->
